T-Spice - Tanner SPICE
Version 2019.2
License validated.
Product Release ID: T-Spice Win64 2019.2.20190514.20:23:23
Copyright (C)1988-2019 Mentor, a Siemens Business

Input folder         = C:\Users\MK\Documents\MC_Project\comparator_B\
Output folder        = C:\Users\MK\Documents\MC_Project\comparator_B\comparator_B

	Parsing "C:\Users\MK\Documents\MC_Project\comparator_B\comparator_B.sp"
	Including "C:\Users\MK\Documents\MC_Project\comparator_B\mosistsmc180.lib"

Start of comparator_B.sp
Loaded BSIM3v31 model library, Berkeley BSIM3 v3.1.0 with extensions

General options:
        threads = 1

Output options:
          nomod = 1                      post = 2

Probing options:
         probev = 1

 Device and node counts:
              MOSFETs -      20
    MOSFET geometries -       4
           Capacitors -       3
      Voltage sources -       3
   Subckt Definitions -       4
     Subckt Instances -       5
     Unique Instances -       3
    Model Definitions -       2
      Computed Models -       2
    Independent nodes -      10
       Boundary nodes -       4
          Total nodes -      14

	Opening simulation database "C:\Users\MK\Documents\MC_Project\comparator_B\comparator_B.tsim"
Warning : "comparator_B.sp" line 73 Node tpLH_LessThan is not in this circuit
Warning : "comparator_B.sp" line 76 Node tpHL_LessThan is not in this circuit
Warning : "comparator_B.sp" line 79 Node tp_LessThan is not in this circuit
Warning : "comparator_B.sp" line 82 Node trise_LessThan is not in this circuit
Warning : "comparator_B.sp" line 85 Node tfall_LessThan is not in this circuit

Warning : Disabling printout of duplicate warning messages.
        : 	Use '.options maxmsg=0' to view all warnings,
        : 	or increase maxmsg from 5 to view more messages.


Measure information will be written to file "C:\Users\MK\Documents\MC_Project\comparator_B\comparator_B\comparator_B.measure"

Measurement result summary
   charge            = -304.1104f      
   energy            =  547.3987f      
   tpLH_LessThan     =       not found
   tpHL_LessThan     =       not found
   tp_LessThan       =       not found
   trise_LessThan    =       not found
   tfall_LessThan    =       not found
   tpLH_Equal        =  178.6021p      
   tpHL_Equal        =  198.1809p      
   tp_Equal          =  188.3915p      
   trise_Equal       =  188.5126p      
   tfall_Equal       =  137.6413p      
   tpLH_GreaterThan  =  157.0475p      
   tpHL_GreaterThan  =   75.3402p      
   tp_GreaterThan    =  116.1939p      
   trise_GreaterThan =  215.2329p      
   tfall_GreaterThan =   93.3407p      


Setup                        0.02 seconds
Transient Analysis           0.64 seconds
Output                       0.15 seconds
Overhead                     0.56 seconds
-----------------------------------------
Total                        1.38 seconds

Simulation completed	with  6 Warnings
